<?xml version="1.0" encoding="UTF-8"?>
<databaseChangeLog
        xmlns="http://www.liquibase.org/xml/ns/dbchangelog"
        xmlns:xsi="http://www.w3.org/2001/XMLSchema-instance"
        xsi:schemaLocation="http://www.liquibase.org/xml/ns/dbchangelog http://www.liquibase.org/xml/ns/dbchangelog/dbchangelog-3.1.xsd"
        logicalFilePath="testChangelogLogicalFilePath">

    <changeSet author="tgdmemae" id="table">
        <sqlFile path="sqlFiles/testSqlNotRelative.sql"/>
        <sqlFile path="testSqlRelative.sql" relativeToChangelogFile="true"/>
    </changeSet>
</databaseChangeLog>